<?xml version="1.0" encoding="UTF-8"?>
<testsuite name="com.example.core.TrainingPlannerTest" tests="2" skipped="0" failures="0" errors="0" timestamp="2025-10-26T10:56:00" hostname="8b159da3031b" time="0.077">
  <properties/>
  <testcase name="notAllowedWithin2Days()" classname="com.example.core.TrainingPlannerTest" time="0.073"/>
  <testcase name="allowedAfter2Days()" classname="com.example.core.TrainingPlannerTest" time="0.003"/>
  <system-out><![CDATA[]]></system-out>
  <system-err><![CDATA[]]></system-err>
</testsuite>
